<?xml version="1.0" encoding="UTF-8"?>
<!-- Generated by org.testng.reporters.JUnitReportReporter -->
<testsuite hostname="LAPTOP-0G4AGPL8" failures="0" tests="1" name="com.ohrm.test.LoginTest" time="7.742" errors="0" timestamp="2020-10-31T12:51:46 EDT" skipped="0">
  <testcase classname="com.ohrm.test.LoginTest" name="login" time="7.742"/>
  <system-out/>
</testsuite> <!-- com.ohrm.test.LoginTest -->
